<?xml version="1.0" encoding="UTF-8"?>
<!-- Generated by org.testng.reporters.JUnitXMLReporter -->
<testsuite ignored="2" hostname="HPLaptop" failures="0" tests="1" name="Default test" time="0.13" errors="0" timestamp="2024-10-14T10:44:39 IST">
  <testcase classname="testpack.Init" name="intitNeg" time="0.08"/>
  <testcase classname="testpack.Init" name="bal" time="0.0">
    <ignored/>
  </testcase> <!-- bal -->
  <testcase classname="testpack.Init" name="init" time="0.0">
    <ignored/>
  </testcase> <!-- init -->
</testsuite> <!-- Default test -->
